<?xml version="1.0" encoding="UTF-8"?>
<testng-results ignored="0" total="0" passed="0" failed="0" skipped="0">
  <reporter-output>
  </reporter-output>
  <suite started-at="2022-12-13T20:14:18 EET" name="Tests" finished-at="2022-12-13T20:14:18 EET" duration-ms="34">
    <groups>
    </groups>
    <test started-at="2022-12-13T20:14:18 EET" name="Command line test" finished-at="2022-12-13T20:14:18 EET" duration-ms="34">
    </test> <!-- Command line test -->
  </suite> <!-- Tests -->
</testng-results>
